<?xml version="1.0" encoding="UTF-8"?>
<testng-results skipped="0" failed="0" ignored="0" total="0" passed="0">
  <reporter-output>
  </reporter-output>
  <suite name="p1.TestA" duration-ms="31" started-at="2023-01-05T14:15:57 IST" finished-at="2023-01-05T14:15:57 IST">
    <groups>
    </groups>
    <test name="Command line test" duration-ms="31" started-at="2023-01-05T14:15:57 IST" finished-at="2023-01-05T14:15:57 IST">
    </test> <!-- Command line test -->
  </suite> <!-- p1.TestA -->
</testng-results>
