<?xml version="1.0" encoding="UTF-8"?>
<!-- Generated by org.testng.reporters.JUnitXMLReporter -->
<testsuite hostname="LAPTOP-6K01ST59" ignored="0" name="test1" tests="6" failures="0" timestamp="2023-01-05T14:51:26 IST" time="0.273" errors="0">
  <testcase name="tc001" time="0.047" classname="p1.TestA"/>
  <testcase name="tc002" time="0.0" classname="p1.TestA"/>
  <testcase name="tc003" time="0.0" classname="p1.TestA"/>
  <testcase name="f" time="0.016" classname="p2.TestB"/>
  <testcase name="g" time="0.015" classname="p2.TestB"/>
  <testcase name="h" time="0.0" classname="p2.TestB"/>
</testsuite> <!-- test1 -->
